<?xml version="1.0" encoding="UTF-8"?>
<testng-results ignored="0" total="3" passed="3" failed="0" skipped="0">
  <reporter-output>
  </reporter-output>
  <suite started-at="2024-02-06T13:46:13 IST" name="Default suite" finished-at="2024-02-06T13:46:37 IST" duration-ms="23693">
    <groups>
    </groups>
    <test started-at="2024-02-06T13:46:13 IST" name="Default test" finished-at="2024-02-06T13:46:37 IST" duration-ms="23693">
      <class name="com.FG.qa.testcases.Check_Resgistration_Page">
        <test-method is-config="true" signature="setUp()[pri:0, instance:com.FG.qa.testcases.Check_Resgistration_Page@2d710f1a]" started-at="2024-02-06T13:46:13 IST" name="setUp" finished-at="2024-02-06T13:46:21 IST" duration-ms="7559" status="PASS">
          <reporter-output>
          </reporter-output>
        </test-method> <!-- setUp -->
        <test-method signature="testTitle()[pri:0, instance:com.FG.qa.testcases.Check_Resgistration_Page@2d710f1a]" started-at="2024-02-06T13:46:21 IST" name="testTitle" finished-at="2024-02-06T13:46:21 IST" duration-ms="79" status="PASS">
          <reporter-output>
          </reporter-output>
        </test-method> <!-- testTitle -->
        <test-method is-config="true" signature="close()[pri:0, instance:com.FG.qa.testcases.Check_Resgistration_Page@2d710f1a]" started-at="2024-02-06T13:46:21 IST" name="close" finished-at="2024-02-06T13:46:21 IST" duration-ms="1" status="PASS">
          <reporter-output>
          </reporter-output>
        </test-method> <!-- close -->
        <test-method is-config="true" signature="setUp()[pri:0, instance:com.FG.qa.testcases.Check_Resgistration_Page@2d710f1a]" started-at="2024-02-06T13:46:21 IST" name="setUp" finished-at="2024-02-06T13:46:26 IST" duration-ms="5538" status="PASS">
          <reporter-output>
          </reporter-output>
        </test-method> <!-- setUp -->
        <test-method signature="testLogo()[pri:1, instance:com.FG.qa.testcases.Check_Resgistration_Page@2d710f1a]" started-at="2024-02-06T13:46:26 IST" name="testLogo" finished-at="2024-02-06T13:46:27 IST" duration-ms="188" status="PASS">
          <reporter-output>
          </reporter-output>
        </test-method> <!-- testLogo -->
        <test-method is-config="true" signature="close()[pri:0, instance:com.FG.qa.testcases.Check_Resgistration_Page@2d710f1a]" started-at="2024-02-06T13:46:27 IST" name="close" finished-at="2024-02-06T13:46:27 IST" duration-ms="1" status="PASS">
          <reporter-output>
          </reporter-output>
        </test-method> <!-- close -->
        <test-method is-config="true" signature="setUp()[pri:0, instance:com.FG.qa.testcases.Check_Resgistration_Page@2d710f1a]" started-at="2024-02-06T13:46:27 IST" name="setUp" finished-at="2024-02-06T13:46:33 IST" duration-ms="6091" status="PASS">
          <reporter-output>
          </reporter-output>
        </test-method> <!-- setUp -->
        <test-method signature="testRegistaration_page()[pri:2, instance:com.FG.qa.testcases.Check_Resgistration_Page@2d710f1a]" started-at="2024-02-06T13:46:33 IST" name="testRegistaration_page" finished-at="2024-02-06T13:46:37 IST" duration-ms="4153" status="PASS">
          <reporter-output>
          </reporter-output>
        </test-method> <!-- testRegistaration_page -->
        <test-method is-config="true" signature="close()[pri:0, instance:com.FG.qa.testcases.Check_Resgistration_Page@2d710f1a]" started-at="2024-02-06T13:46:37 IST" name="close" finished-at="2024-02-06T13:46:37 IST" duration-ms="1" status="PASS">
          <reporter-output>
          </reporter-output>
        </test-method> <!-- close -->
      </class> <!-- com.FG.qa.testcases.Check_Resgistration_Page -->
    </test> <!-- Default test -->
  </suite> <!-- Default suite -->
</testng-results>
