<?xml version="1.0" encoding="UTF-8"?>
<!-- Generated by org.testng.reporters.JUnitXMLReporter -->
<testsuite ignored="0" failures="0" tests="3" name="Default test" time="23.693" errors="0" timestamp="2024-02-06T13:46:37 IST">
  <testcase classname="com.FG.qa.testcases.Check_Resgistration_Page" name="testTitle" time="0.079"/>
  <testcase classname="com.FG.qa.testcases.Check_Resgistration_Page" name="testLogo" time="0.188"/>
  <testcase classname="com.FG.qa.testcases.Check_Resgistration_Page" name="testRegistaration_page" time="4.153"/>
</testsuite> <!-- Default test -->
